<?xml version="1.0" encoding="UTF-8"?>
<testsuite xmlns:xsi="http://www.w3.org/2001/XMLSchema-instance" xsi:noNamespaceSchemaLocation="https://maven.apache.org/surefire/maven-surefire-plugin/xsd/surefire-test-report.xsd" name="ma.s.gcm.service.VilleServiceTest" time="11.22" tests="1" errors="0" skipped="0" failures="1">
  <properties>
[...]
</properties>
  <testcase name="findById_ko_villeNotFound" classname="ma.s.gcm.service.VilleServiceTest" time="0.128">
    <failure message="&#10;Expected: (an instance of ma.s.gcm.exception.SuiviClientsException and Expected type is &quot;API_RESOURCE_NOT_FOUND&quot; but null was found)&#10;     but: an instance of ma.s.gcm.exception.SuiviClientsException &lt;java.util.NoSuchElementException: No value present&gt; is a java.util.NoSuchElementException&#10;Stacktrace was: java.util.NoSuchElementException: No value present&#10;	at java.base/java.util.Optional.get(Optional.java:148)&#10;	at ma.s.gcm.service.VilleService.lambda$findById$0(VilleService.java:30)&#10;	at java.base/java.util.Optional.map(Optional.java:254)&#10;	at ma.s.gcm.service.VilleService.findById(VilleService.java:30)&#10;	at ma.s.gcm.service.VilleService$$FastClassBySpringCGLIB$$96e3ca2e.invoke(&lt;generated&gt;)&#10;	at org.springframework.cglib.proxy.MethodProxy.invoke(MethodProxy.java:218)&#10;	at org.springframework.aop.framework.CglibAopProxy$CglibMethodInvocation.invokeJoinpoint(CglibAopProxy.java:771)&#10;	at org.springframework.aop.framework.ReflectiveMethodInvocation.proceed(ReflectiveMethodInvocation.java:163)&#10;	at org.springframework.aop.framework.CglibAopProxy$CglibMethodInvocation.proceed(CglibAopProxy.java:749)&#10;	at org.springframework.transaction.interceptor.TransactionAspectSupport.invokeWithinTransaction(TransactionAspectSupport.java:367)&#10;	at org.springframework.transaction.interceptor.TransactionInterceptor.invoke(TransactionInterceptor.java:118)&#10;	at org.springframework.aop.framework.ReflectiveMethodInvocation.proceed(ReflectiveMethodInvocation.java:186)&#10;	at org.springframework.aop.framework.CglibAopProxy$CglibMethodInvocation.proceed(CglibAopProxy.java:749)&#10;	at org.springframework.aop.framework.CglibAopProxy$DynamicAdvisedInterceptor.intercept(CglibAopProxy.java:691)&#10;	at ma.s.gcm.service.VilleService$$EnhancerBySpringCGLIB$$18770add.findById(&lt;generated&gt;)&#10;	at ma.s.gcm.service.VilleServiceTest.findById_ko_villeNotFound(VilleServiceTest.java:35)&#10;	at java.base/jdk.internal.reflect.NativeMethodAccessorImpl.invoke0(Native Method)&#10;	at java.base/jdk.internal.reflect.NativeMethodAccessorImpl.invoke(NativeMethodAccessorImpl.java:62)&#10;	at java.base/jdk.internal.reflect.DelegatingMethodAccessorImpl.invoke(DelegatingMethodAccessorImpl.java:43)&#10;	at java.base/java.lang.reflect.Method.invoke(Method.java:564)&#10;	at org.junit.runners.model.FrameworkMethod$1.runReflectiveCall(FrameworkMethod.java:59)&#10;	at org.junit.internal.runners.model.ReflectiveCallable.run(ReflectiveCallable.java:12)&#10;	at org.junit.runners.model.FrameworkMethod.invokeExplosively(FrameworkMethod.java:56)&#10;	at org.junit.internal.runners.statements.InvokeMethod.evaluate(InvokeMethod.java:17)&#10;	at org.springframework.test.context.junit4.statements.RunBeforeTestExecutionCallbacks.evaluate(RunBeforeTestExecutionCallbacks.java:74)&#10;	at org.springframework.test.context.junit4.statements.RunAfterTestExecutionCallbacks.evaluate(RunAfterTestExecutionCallbacks.java:84)&#10;	at org.springframework.test.context.junit4.statements.RunBeforeTestMethodCallbacks.evaluate(RunBeforeTestMethodCallbacks.java:75)&#10;	at org.springframework.test.context.junit4.statements.RunAfterTestMethodCallbacks.evaluate(RunAfterTestMethodCallbacks.java:86)&#10;	at org.junit.rules.ExpectedException$ExpectedExceptionStatement.evaluate(ExpectedException.java:258)&#10;	at org.springframework.test.context.junit4.statements.SpringRepeat.evaluate(SpringRepeat.java:84)&#10;	at org.junit.runners.ParentRunner.runLeaf(ParentRunner.java:366)&#10;	at org.springframework.test.context.junit4.SpringJUnit4ClassRunner.runChild(SpringJUnit4ClassRunner.java:251)&#10;	at org.springframework.test.context.junit4.SpringJUnit4ClassRunner.runChild(SpringJUnit4ClassRunner.java:97)&#10;	at org.junit.runners.ParentRunner$4.run(ParentRunner.java:331)&#10;	at org.junit.runners.ParentRunner$1.schedule(ParentRunner.java:79)&#10;	at org.junit.runners.ParentRunner.runChildren(ParentRunner.java:329)&#10;	at org.junit.runners.ParentRunner.access$100(ParentRunner.java:66)&#10;	at org.junit.runners.ParentRunner$2.evaluate(ParentRunner.java:293)&#10;	at org.springframework.test.context.junit4.statements.RunBeforeTestClassCallbacks.evaluate(RunBeforeTestClassCallbacks.java:61)&#10;	at org.springframework.test.context.junit4.statements.RunAfterTestClassCallbacks.evaluate(RunAfterTestClassCallbacks.java:70)&#10;	at org.junit.runners.ParentRunner$3.evaluate(ParentRunner.java:306)&#10;	at org.junit.runners.ParentRunner.run(ParentRunner.java:413)&#10;	at org.springframework.test.context.junit4.SpringJUnit4ClassRunner.run(SpringJUnit4ClassRunner.java:190)&#10;	at org.junit.runner.JUnitCore.run(JUnitCore.java:137)&#10;	at org.junit.runner.JUnitCore.run(JUnitCore.java:115)&#10;	at org.junit.vintage.engine.execution.RunnerExecutor.execute(RunnerExecutor.java:43)&#10;	at java.base/java.util.stream.ForEachOps$ForEachOp$OfRef.accept(ForEachOps.java:183)&#10;	at java.base/java.util.stream.ReferencePipeline$3$1.accept(ReferencePipeline.java:195)&#10;	at java.base/java.util.Iterator.forEachRemaining(Iterator.java:133)&#10;	at java.base/java.util.Spliterators$IteratorSpliterator.forEachRemaining(Spliterators.java:1801)&#10;	at java.base/java.util.stream.AbstractPipeline.copyInto(AbstractPipeline.java:484)&#10;	at java.base/java.util.stream.AbstractPipeline.wrapAndCopyInto(AbstractPipeline.java:474)&#10;	at java.base/java.util.stream.ForEachOps$ForEachOp.evaluateSequential(ForEachOps.java:150)&#10;	at java.base/java.util.stream.ForEachOps$ForEachOp$OfRef.evaluateSequential(ForEachOps.java:173)&#10;	at java.base/java.util.stream.AbstractPipeline.evaluate(AbstractPipeline.java:234)&#10;	at java.base/java.util.stream.ReferencePipeline.forEach(ReferencePipeline.java:497)&#10;	at org.junit.vintage.engine.VintageTestEngine.executeAllChildren(VintageTestEngine.java:82)&#10;	at org.junit.vintage.engine.VintageTestEngine.execute(VintageTestEngine.java:73)&#10;	at org.junit.platform.launcher.core.DefaultLauncher.execute(DefaultLauncher.java:170)&#10;	at org.junit.platform.launcher.core.DefaultLauncher.execute(DefaultLauncher.java:154)&#10;	at org.junit.platform.launcher.core.DefaultLauncher.execute(DefaultLauncher.java:90)&#10;	at org.apache.maven.surefire.junitplatform.JUnitPlatformProvider.invokeAllTests(JUnitPlatformProvider.java:142)&#10;	at org.apache.maven.surefire.junitplatform.JUnitPlatformProvider.invoke(JUnitPlatformProvider.java:117)&#10;	at org.apache.maven.surefire.booter.ForkedBooter.invokeProviderInSameClassLoader(ForkedBooter.java:383)&#10;	at org.apache.maven.surefire.booter.ForkedBooter.runSuitesInProcess(ForkedBooter.java:344)&#10;	at org.apache.maven.surefire.booter.ForkedBooter.execute(ForkedBooter.java:125)&#10;	at org.apache.maven.surefire.booter.ForkedBooter.main(ForkedBooter.java:417)&#10;" type="java.lang.AssertionError"><![CDATA[java.lang.AssertionError: 

Expected: (an instance of ma.s.gcm.exception.SuiviClientsException and Expected type is "API_RESOURCE_NOT_FOUND" but null was found)
     but: an instance of ma.s.gcm.exception.SuiviClientsException <java.util.NoSuchElementException: No value present> is a java.util.NoSuchElementException
Stacktrace was: java.util.NoSuchElementException: No value present
	at java.base/java.util.Optional.get(Optional.java:148)
	at ma.s.gcm.service.VilleService.lambda$findById$0(VilleService.java:30)
	at java.base/java.util.Optional.map(Optional.java:254)
	at ma.s.gcm.service.VilleService.findById(VilleService.java:30)
	at ma.s.gcm.service.VilleService$$FastClassBySpringCGLIB$$96e3ca2e.invoke(<generated>)
	at org.springframework.cglib.proxy.MethodProxy.invoke(MethodProxy.java:218)
	at org.springframework.aop.framework.CglibAopProxy$CglibMethodInvocation.invokeJoinpoint(CglibAopProxy.java:771)
	at org.springframework.aop.framework.ReflectiveMethodInvocation.proceed(ReflectiveMethodInvocation.java:163)
	at org.springframework.aop.framework.CglibAopProxy$CglibMethodInvocation.proceed(CglibAopProxy.java:749)
	at org.springframework.transaction.interceptor.TransactionAspectSupport.invokeWithinTransaction(TransactionAspectSupport.java:367)
	at org.springframework.transaction.interceptor.TransactionInterceptor.invoke(TransactionInterceptor.java:118)
	at org.springframework.aop.framework.ReflectiveMethodInvocation.proceed(ReflectiveMethodInvocation.java:186)
	at org.springframework.aop.framework.CglibAopProxy$CglibMethodInvocation.proceed(CglibAopProxy.java:749)
	at org.springframework.aop.framework.CglibAopProxy$DynamicAdvisedInterceptor.intercept(CglibAopProxy.java:691)
	at ma.s.gcm.service.VilleService$$EnhancerBySpringCGLIB$$18770add.findById(<generated>)
	at ma.s.gcm.service.VilleServiceTest.findById_ko_villeNotFound(VilleServiceTest.java:35)
	at java.base/jdk.internal.reflect.NativeMethodAccessorImpl.invoke0(Native Method)
	at java.base/jdk.internal.reflect.NativeMethodAccessorImpl.invoke(NativeMethodAccessorImpl.java:62)
	at java.base/jdk.internal.reflect.DelegatingMethodAccessorImpl.invoke(DelegatingMethodAccessorImpl.java:43)
	at java.base/java.lang.reflect.Method.invoke(Method.java:564)
	at org.junit.runners.model.FrameworkMethod$1.runReflectiveCall(FrameworkMethod.java:59)
	at org.junit.internal.runners.model.ReflectiveCallable.run(ReflectiveCallable.java:12)
	at org.junit.runners.model.FrameworkMethod.invokeExplosively(FrameworkMethod.java:56)
	at org.junit.internal.runners.statements.InvokeMethod.evaluate(InvokeMethod.java:17)
	at org.springframework.test.context.junit4.statements.RunBeforeTestExecutionCallbacks.evaluate(RunBeforeTestExecutionCallbacks.java:74)
	at org.springframework.test.context.junit4.statements.RunAfterTestExecutionCallbacks.evaluate(RunAfterTestExecutionCallbacks.java:84)
	at org.springframework.test.context.junit4.statements.RunBeforeTestMethodCallbacks.evaluate(RunBeforeTestMethodCallbacks.java:75)
	at org.springframework.test.context.junit4.statements.RunAfterTestMethodCallbacks.evaluate(RunAfterTestMethodCallbacks.java:86)
	at org.junit.rules.ExpectedException$ExpectedExceptionStatement.evaluate(ExpectedException.java:258)
	at org.springframework.test.context.junit4.statements.SpringRepeat.evaluate(SpringRepeat.java:84)
	at org.junit.runners.ParentRunner.runLeaf(ParentRunner.java:366)
	at org.springframework.test.context.junit4.SpringJUnit4ClassRunner.runChild(SpringJUnit4ClassRunner.java:251)
	at org.springframework.test.context.junit4.SpringJUnit4ClassRunner.runChild(SpringJUnit4ClassRunner.java:97)
	at org.junit.runners.ParentRunner$4.run(ParentRunner.java:331)
	at org.junit.runners.ParentRunner$1.schedule(ParentRunner.java:79)
	at org.junit.runners.ParentRunner.runChildren(ParentRunner.java:329)
	at org.junit.runners.ParentRunner.access$100(ParentRunner.java:66)
	at org.junit.runners.ParentRunner$2.evaluate(ParentRunner.java:293)
	at org.springframework.test.context.junit4.statements.RunBeforeTestClassCallbacks.evaluate(RunBeforeTestClassCallbacks.java:61)
	at org.springframework.test.context.junit4.statements.RunAfterTestClassCallbacks.evaluate(RunAfterTestClassCallbacks.java:70)
	at org.junit.runners.ParentRunner$3.evaluate(ParentRunner.java:306)
	at org.junit.runners.ParentRunner.run(ParentRunner.java:413)
	at org.springframework.test.context.junit4.SpringJUnit4ClassRunner.run(SpringJUnit4ClassRunner.java:190)
	at org.junit.runner.JUnitCore.run(JUnitCore.java:137)
	at org.junit.runner.JUnitCore.run(JUnitCore.java:115)
	at org.junit.vintage.engine.execution.RunnerExecutor.execute(RunnerExecutor.java:43)
	at java.base/java.util.stream.ForEachOps$ForEachOp$OfRef.accept(ForEachOps.java:183)
	at java.base/java.util.stream.ReferencePipeline$3$1.accept(ReferencePipeline.java:195)
	at java.base/java.util.Iterator.forEachRemaining(Iterator.java:133)
	at java.base/java.util.Spliterators$IteratorSpliterator.forEachRemaining(Spliterators.java:1801)
	at java.base/java.util.stream.AbstractPipeline.copyInto(AbstractPipeline.java:484)
	at java.base/java.util.stream.AbstractPipeline.wrapAndCopyInto(AbstractPipeline.java:474)
	at java.base/java.util.stream.ForEachOps$ForEachOp.evaluateSequential(ForEachOps.java:150)
	at java.base/java.util.stream.ForEachOps$ForEachOp$OfRef.evaluateSequential(ForEachOps.java:173)
	at java.base/java.util.stream.AbstractPipeline.evaluate(AbstractPipeline.java:234)
	at java.base/java.util.stream.ReferencePipeline.forEach(ReferencePipeline.java:497)
	at org.junit.vintage.engine.VintageTestEngine.executeAllChildren(VintageTestEngine.java:82)
	at org.junit.vintage.engine.VintageTestEngine.execute(VintageTestEngine.java:73)
	at org.junit.platform.launcher.core.DefaultLauncher.execute(DefaultLauncher.java:170)
	at org.junit.platform.launcher.core.DefaultLauncher.execute(DefaultLauncher.java:154)
	at org.junit.platform.launcher.core.DefaultLauncher.execute(DefaultLauncher.java:90)
	at org.apache.maven.surefire.junitplatform.JUnitPlatformProvider.invokeAllTests(JUnitPlatformProvider.java:142)
	at org.apache.maven.surefire.junitplatform.JUnitPlatformProvider.invoke(JUnitPlatformProvider.java:117)
	at org.apache.maven.surefire.booter.ForkedBooter.invokeProviderInSameClassLoader(ForkedBooter.java:383)
	at org.apache.maven.surefire.booter.ForkedBooter.runSuitesInProcess(ForkedBooter.java:344)
	at org.apache.maven.surefire.booter.ForkedBooter.execute(ForkedBooter.java:125)
	at org.apache.maven.surefire.booter.ForkedBooter.main(ForkedBooter.java:417)

]]></failure>
    <system-out><![CDATA[00:00:10.652 [main] DEBUG org.springframework.test.annotation.ProfileValueUtils - Retrieved @ProfileValueSourceConfiguration [null] for test class [ma.s.gcm.service.VilleServiceTest]
00:00:10.653 [main] DEBUG org.springframework.test.annotation.ProfileValueUtils - Retrieved ProfileValueSource type [class org.springframework.test.annotation.SystemProfileValueSource] for class [ma.s.gcm.service.VilleServiceTest]
00:00:10.653 [main] DEBUG org.springframework.test.annotation.ProfileValueUtils - Retrieved @ProfileValueSourceConfiguration [null] for test class [ma.s.gcm.service.VilleServiceTest]
00:00:10.653 [main] DEBUG org.springframework.test.annotation.ProfileValueUtils - Retrieved ProfileValueSource type [class org.springframework.test.annotation.SystemProfileValueSource] for class [ma.s.gcm.service.VilleServiceTest]
00:00:10.654 [main] DEBUG org.springframework.test.annotation.ProfileValueUtils - Retrieved @ProfileValueSourceConfiguration [null] for test class [ma.s.gcm.service.VilleServiceTest]
00:00:10.654 [main] DEBUG org.springframework.test.annotation.ProfileValueUtils - Retrieved ProfileValueSource type [class org.springframework.test.annotation.SystemProfileValueSource] for class [ma.s.gcm.service.VilleServiceTest]
00:00:10.655 [main] DEBUG org.springframework.test.context.support.AbstractDirtiesContextTestExecutionListener - Before test class: context [DefaultTestContext@100c567f testClass = VilleServiceTest, testInstance = [null], testMethod = [null], testException = [null], mergedContextConfiguration = [WebMergedContextConfiguration@30c0d731 testClass = VilleServiceTest, locations = '{}', classes = '{class ma.s.gcm.SuiviClientsApplication}', contextInitializerClasses = '[]', activeProfiles = '{}', propertySourceLocations = '{}', propertySourceProperties = '{org.springframework.boot.test.context.SpringBootTestContextBootstrapper=true}', contextCustomizers = set[org.springframework.boot.test.context.filter.ExcludeFilterContextCustomizer@1f81aa00, org.springframework.boot.test.json.DuplicateJsonObjectContextCustomizerFactory$DuplicateJsonObjectContextCustomizer@1787bc24, org.springframework.boot.test.mock.mockito.MockitoContextCustomizer@1ffea653, org.springframework.boot.test.web.client.TestRestTemplateContextCustomizer@6e15fe2, org.springframework.boot.test.autoconfigure.properties.PropertyMappingContextCustomizer@0, org.springframework.boot.test.autoconfigure.web.servlet.WebDriverContextCustomizerFactory$Customizer@1ae8bcbc, org.springframework.boot.test.context.SpringBootTestArgs@1], resourceBasePath = 'src/main/webapp', contextLoader = 'org.springframework.boot.test.context.SpringBootContextLoader', parent = [null]], attributes = map['org.springframework.test.context.web.ServletTestExecutionListener.activateListener' -> true]], class annotated with @DirtiesContext [false] with mode [null].
00:00:10.655 [main] DEBUG org.springframework.test.annotation.ProfileValueUtils - Retrieved @ProfileValueSourceConfiguration [null] for test class [ma.s.gcm.service.VilleServiceTest]
00:00:10.656 [main] DEBUG org.springframework.test.annotation.ProfileValueUtils - Retrieved ProfileValueSource type [class org.springframework.test.annotation.SystemProfileValueSource] for class [ma.s.gcm.service.VilleServiceTest]
00:00:10.715 [main] DEBUG org.springframework.test.context.support.TestPropertySourceUtils - Adding inlined properties to environment: {spring.jmx.enabled=false, org.springframework.boot.test.context.SpringBootTestContextBootstrapper=true}
    ,---.   ,--. ,--. ,--. ,--.   ,--. ,--.    ,-----. ,--.    ,--. ,------. ,--.  ,--. ,--------.  ,---.
   '   .-'  |  | |  | |  |  \  `.'  /  |  |   '  .--./ |  |    |  | |  .---' |  ,'.|  | '--.  .--' '   .-'
   `.  `-.  |  | |  | |  |   \     /   |  |---|  |     |  |    |  | |  `--,  |  |' '  |    |  |    `.  `-.
   .-'    | '  '-'  ' |  |    \   /    |  |   '  '--'\ |  '--. |  | |  `---. |  | `   |    |  |    .-'    |
   `-----'   `-----'  `--'     `-'     `--'    `-----' `-----' `--' `------' `--'  `--'    `--'    `-----'

								   :: Bureau d'études Backend  ::
30-09-2020 00:00:12.222 [main] INFO  ma.s.gcm.service.VilleServiceTest.logStarting - Starting VilleServiceTest on DESKTOP-7DBVISV with PID 12084 (started by youss in G:\Spring-Trainning\suivi-clients)
30-09-2020 00:00:12.227 [main] INFO  ma.s.gcm.service.VilleServiceTest.logStartupProfileInfo - No active profile set, falling back to default profiles: default
30-09-2020 00:00:15.414 [main] INFO  o.s.d.r.c.RepositoryConfigurationDelegate.registerRepositoriesIn - Bootstrapping Spring Data JPA repositories in DEFERRED mode.
30-09-2020 00:00:15.767 [main] INFO  o.s.d.r.c.RepositoryConfigurationDelegate.registerRepositoriesIn - Finished Spring Data repository scanning in 328ms. Found 7 JPA repository interfaces.
30-09-2020 00:00:18.924 [main] INFO  o.s.s.c.ThreadPoolTaskExecutor.initialize - Initializing ExecutorService 'applicationTaskExecutor'
30-09-2020 00:00:18.988 [main] INFO  o.s.s.c.ThreadPoolTaskScheduler.initialize - Initializing ExecutorService 'taskScheduler'
30-09-2020 00:00:19.263 [task-1] INFO  o.h.jpa.internal.util.LogHelper.logPersistenceUnitInformation - HHH000204: Processing PersistenceUnitInfo [name: default]
30-09-2020 00:00:19.518 [task-1] INFO  org.hibernate.Version.logVersion - HHH000412: Hibernate ORM core version 5.4.17.Final
30-09-2020 00:00:19.667 [task-1] INFO  o.h.annotations.common.Version.<clinit> - HCANN000001: Hibernate Commons Annotations {5.1.0.Final}
30-09-2020 00:00:19.820 [main] WARN  o.s.b.a.o.j.JpaBaseConfiguration$JpaWebConfiguration.openEntityManagerInViewInterceptor - spring.jpa.open-in-view is enabled by default. Therefore, database queries may be performed during view rendering. Explicitly configure spring.jpa.open-in-view to disable this warning
30-09-2020 00:00:22.117 [main] INFO  o.s.s.web.DefaultSecurityFilterChain.<init> - Creating filter chain: any request, [org.springframework.security.web.context.request.async.WebAsyncManagerIntegrationFilter@6785df10, org.springframework.security.web.context.SecurityContextPersistenceFilter@66048ac4, org.springframework.security.web.header.HeaderWriterFilter@e7e455d, org.keycloak.adapters.springsecurity.filter.KeycloakPreAuthActionsFilter@38826984, org.springframework.security.web.authentication.logout.LogoutFilter@47e60b71, org.keycloak.adapters.springsecurity.filter.KeycloakAuthenticationProcessingFilter@16f4a3c0, org.springframework.security.web.savedrequest.RequestCacheAwareFilter@af9dd34, org.springframework.security.web.servletapi.SecurityContextHolderAwareRequestFilter@4fa8297b, org.keycloak.adapters.springsecurity.filter.KeycloakSecurityContextRequestFilter@369a95a5, org.keycloak.adapters.springsecurity.filter.KeycloakAuthenticatedActionsFilter@543da15, org.springframework.security.web.authentication.AnonymousAuthenticationFilter@144440f5, org.springframework.security.web.session.SessionManagementFilter@18463720, org.springframework.security.web.access.ExceptionTranslationFilter@f237ae7, org.springframework.security.web.access.intercept.FilterSecurityInterceptor@19d3f6ad]
30-09-2020 00:00:22.377 [task-1] INFO  com.zaxxer.hikari.HikariDataSource.getConnection - HikariPool-1 - Starting...
30-09-2020 00:00:23.319 [task-1] INFO  com.zaxxer.hikari.HikariDataSource.getConnection - HikariPool-1 - Start completed.
30-09-2020 00:00:23.438 [task-1] INFO  org.hibernate.dialect.Dialect.<init> - HHH000400: Using dialect: org.hibernate.dialect.H2Dialect
30-09-2020 00:00:24.831 [main] INFO  o.s.b.a.h.H2ConsoleAutoConfiguration.lambda$h2Console$0 - H2 console available at '/h2-console'. Database available at 'jdbc:h2:mem:gcmdb'
30-09-2020 00:00:25.327 [main] INFO  o.s.d.r.c.DeferredRepositoryInitializationListener.onApplicationEvent - Triggering deferred initialization of Spring Data repositoriesâ€¦
Hibernate: drop table if exists client CASCADE 
Hibernate: drop table if exists compte CASCADE 
Hibernate: drop table if exists encaissement CASCADE 
Hibernate: drop table if exists entreprise CASCADE 
Hibernate: drop table if exists facture CASCADE 
Hibernate: drop table if exists rapprochement CASCADE 
Hibernate: drop table if exists transaction CASCADE 
Hibernate: drop table if exists ville CASCADE 
Hibernate: drop sequence if exists id_client_seq
Hibernate: drop sequence if exists id_compte_seq
Hibernate: drop sequence if exists id_encaissement_seq
Hibernate: drop sequence if exists id_entreprise_seq
Hibernate: drop sequence if exists id_facture_seq
Hibernate: drop sequence if exists id_rapprochement_seq
Hibernate: drop sequence if exists id_transaction_seqo
Hibernate: drop sequence if exists id_ville_seq
Hibernate: create sequence id_client_seq start with 1 increment by 50
Hibernate: create sequence id_compte_seq start with 1 increment by 50
Hibernate: create sequence id_encaissement_seq start with 1 increment by 50
Hibernate: create sequence id_entreprise_seq start with 1 increment by 50
Hibernate: create sequence id_facture_seq start with 1 increment by 50
Hibernate: create sequence id_rapprochement_seq start with 1 increment by 50
Hibernate: create sequence id_transaction_seqo start with 1 increment by 50
Hibernate: create sequence id_ville_seq start with 1 increment by 50
Hibernate: create table client (id bigint not null, nom varchar(255) not null, entreprise_id bigint, groupe_id bigint, primary key (id))
Hibernate: create table compte (id bigint not null, banque varchar(255), n_compte varchar(255), entreprise_id bigint, primary key (id))
Hibernate: create table encaissement (id bigint not null, banque varchar(255), cheq_au_nom_de varchar(255), date_cheque date, date_effet date, date_reception date, date_releve_bancaire date, devise varchar(255), mode varchar(255), montant decimal(19,2), motif varchar(255), n_cheque varchar(255), n_compte_virement varchar(255), n_effet varchar(255), n_virement varchar(255), statut varchar(255), type varchar(255), client_id bigint, transaction_id bigint, primary key (id))
Hibernate: create table entreprise (id bigint not null, nom varchar(255) not null, pattente varchar(255) not null, primary key (id))
Hibernate: create table facture (id bigint not null, date date, devise varchar(255), montant_ht double, n_facture varchar(255) not null, pc_remise double, statut varchar(255), taux_change double, type varchar(255), client_id bigint, primary key (id))
Hibernate: create table rapprochement (id bigint not null, montant decimal(19,2), encaissement_id bigint, facture_id bigint, primary key (id))
Hibernate: create table transaction (id bigint not null, date_depot date, montant decimal(19,2), n_trasaction varchar(255), compte_id bigint, primary key (id))
Hibernate: create table ville (id bigint not null, nom varchar(255) not null, primary key (id))
Hibernate: alter table client add constraint FKs1ssfo0wew5hbq5tlimqjb26m foreign key (entreprise_id) references entreprise
Hibernate: alter table client add constraint FKt6go8micgden0s9oahet2qhj foreign key (groupe_id) references client
Hibernate: alter table compte add constraint FKj4rfv71fchhtjwlcyljd4kln5 foreign key (entreprise_id) references entreprise
Hibernate: alter table encaissement add constraint FK8suv3glj9xl7drbtj0uo4dorm foreign key (client_id) references client
Hibernate: alter table encaissement add constraint FKnajwi9pdvdas7jxhd9r6dwju0 foreign key (transaction_id) references transaction
Hibernate: alter table facture add constraint FKkimq62662qs9wrpfvsw8mcnvf foreign key (client_id) references client
Hibernate: alter table rapprochement add constraint FK7jn1gmqg4sgiiawlsdssm97jr foreign key (encaissement_id) references encaissement
Hibernate: alter table rapprochement add constraint FKo7mhul0yrq6e0undnhu1jvl5g foreign key (facture_id) references facture
Hibernate: alter table transaction add constraint FKsb56lsmpjfoulaex18sggti8g foreign key (compte_id) references compte
30-09-2020 00:00:27.098 [task-1] INFO  o.h.e.t.j.p.i.JtaPlatformInitiator.initiateService - HHH000490: Using JtaPlatform implementation: [org.hibernate.engine.transaction.jta.platform.internal.NoJtaPlatform]
30-09-2020 00:00:27.154 [task-1] INFO  o.s.o.j.LocalContainerEntityManagerFactoryBean.buildNativeEntityManagerFactory - Initialized JPA EntityManagerFactory for persistence unit 'default'
30-09-2020 00:00:29.059 [main] INFO  o.s.d.r.c.DeferredRepositoryInitializationListener.onApplicationEvent - Spring Data repositories initialized!
30-09-2020 00:00:29.087 [main] INFO  ma.s.gcm.service.VilleServiceTest.logStarted - Started VilleServiceTest in 18.348 seconds (JVM running for 23.091)
]]></system-out>
  </testcase>
</testsuite>